[22-Apr-2021 11:25:44] NOTICE: fpm is running, pid 9479
[22-Apr-2021 11:25:44] NOTICE: ready to handle connections
[22-Apr-2021 16:08:09] NOTICE: Terminating ...
[22-Apr-2021 16:08:09] NOTICE: Terminating ...
[22-Apr-2021 16:08:09] NOTICE: exiting, bye-bye!
[22-Apr-2021 16:08:19] NOTICE: fpm is running, pid 32304
[22-Apr-2021 16:08:19] NOTICE: ready to handle connections
[22-Apr-2021 16:08:19] NOTICE: Terminating ...
[22-Apr-2021 16:08:19] NOTICE: Terminating ...
[22-Apr-2021 16:08:19] NOTICE: exiting, bye-bye!
[22-Apr-2021 16:08:22] NOTICE: fpm is running, pid 32331
[22-Apr-2021 16:08:22] NOTICE: ready to handle connections
[22-Apr-2021 21:12:14] NOTICE: Terminating ...
[22-Apr-2021 21:12:14] NOTICE: Terminating ...
[22-Apr-2021 21:12:14] NOTICE: exiting, bye-bye!
[23-Apr-2021 15:50:57] NOTICE: fpm is running, pid 5872
[23-Apr-2021 15:50:57] NOTICE: ready to handle connections
[23-Apr-2021 22:43:45] NOTICE: Terminating ...
[23-Apr-2021 22:43:45] NOTICE: Terminating ...
[23-Apr-2021 22:43:45] NOTICE: exiting, bye-bye!
[24-Apr-2021 10:40:14] NOTICE: fpm is running, pid 831
[24-Apr-2021 10:40:14] NOTICE: ready to handle connections
[24-Apr-2021 19:04:56] WARNING: [pool www] child 837 said into stderr: "sh: gs: command not found"
